PLINK v1.90b6.21 64-bit (19 Oct 2020)
Options in effect:
  --allow-extra-chr
  --double-id
  --extract cichlids.prune.in
  --make-bed
  --out cichlids
  --pca 3
  --set-missing-var-ids @:#
  --vcf ALL.chr21.shapeit2_integrated_v1a.GRCh38.20181129.phased.vcf

Hostname: BOOTCAMP-41.local
Working directory: /Users/cmdb/qbb2022-answers/day3-homework
Start time: Wed Aug 31 17:36:55 2022

Random number seed: 1661981815
16384 MB RAM detected; reserving 8192 MB for main workspace.
--vcf: cichlids-temporary.bed + cichlids-temporary.bim + cichlids-temporary.fam
written.
976599 variants loaded from .bim file.
976599 missing IDs set.
2548 people (0 males, 0 females, 2548 ambiguous) loaded from .fam.
Ambiguous sex IDs written to cichlids.nosex .
--extract: 754231 variants remaining.
Using up to 8 threads (change this with --threads).
Before main variant filters, 2548 founders and 0 nonfounders present.
Calculating allele frequencies... done.
754231 variants and 2548 people pass filters and QC.
Note: No phenotypes present.
Relationship matrix calculation complete.
--pca: Results saved to cichlids.eigenval and cichlids.eigenvec .
--make-bed to cichlids.bed + cichlids.bim + cichlids.fam ... done.

End time: Wed Aug 31 17:38:18 2022
