OLS on fields: Mother_age, n_muts
                            OLS Regression Results                            
==============================================================================
Dep. Variable:             Mother_age   R-squared:                       0.547
Model:                            OLS   Adj. R-squared:                  0.545
Method:                 Least Squares   F-statistic:                     475.0
Date:                Sun, 04 Sep 2022   Prob (F-statistic):           1.15e-69
Time:                        03:05:50   Log-Likelihood:                -1145.2
No. Observations:                 396   AIC:                             2294.
Df Residuals:                     394   BIC:                             2302.
Df Model:                           1                                         
Covariance Type:            nonrobust                                         
==============================================================================
                 coef    std err          t      P>|t|      [0.025      0.975]
------------------------------------------------------------------------------
Intercept      7.8645      0.915      8.597      0.000       6.066       9.663
n_muts         0.2899      0.013     21.794      0.000       0.264       0.316
==============================================================================
Omnibus:                        2.526   Durbin-Watson:                   1.812
Prob(Omnibus):                  0.283   Jarque-Bera (JB):                2.461
Skew:                           0.140   Prob(JB):                        0.292
Kurtosis:                       2.733   Cond. No.                         286.
==============================================================================

Notes:
[1] Standard Errors assume that the covariance matrix of the errors is correctly specified.
OLS on fields: Father_age, n_muts
                            OLS Regression Results                            
==============================================================================
Dep. Variable:             Father_age   R-squared:                       0.607
Model:                            OLS   Adj. R-squared:                  0.606
Method:                 Least Squares   F-statistic:                     609.3
Date:                Sun, 04 Sep 2022   Prob (F-statistic):           5.54e-82
Time:                        03:05:50   Log-Likelihood:                -1197.5
No. Observations:                 396   AIC:                             2399.
Df Residuals:                     394   BIC:                             2407.
Df Model:                           1                                         
Covariance Type:            nonrobust                                         
==============================================================================
                 coef    std err          t      P>|t|      [0.025      0.975]
------------------------------------------------------------------------------
Intercept      5.7796      1.044      5.536      0.000       3.727       7.832
n_muts         0.3748      0.015     24.684      0.000       0.345       0.405
==============================================================================
Omnibus:                        3.468   Durbin-Watson:                   1.851
Prob(Omnibus):                  0.177   Jarque-Bera (JB):                3.300
Skew:                           0.163   Prob(JB):                        0.192
Kurtosis:                       3.305   Cond. No.                         286.
==============================================================================

Notes:
[1] Standard Errors assume that the covariance matrix of the errors is correctly specified.
